2025-10-01 10:16:00 | DEBUG | repo=richrates | action=pull
2025-11-05 19:56:00 | INFO | repo=richrates | action=edit | files=3
2025-01-10 15:02:00 | DEBUG | repo=richrates | action=commit
2025-02-27 13:08:00 | INFO | repo=richrates | action=pull
2025-01-20 21:23:00 | INFO | repo=richrates | action=edit | files=3
2025-02-22 07:30:00 | WARN | repo=richrates | action=commit
2025-09-11 11:33:00 | DEBUG | repo=richrates | action=commit
2025-05-08 17:38:00 | WARN | repo=richrates | action=commit
2025-10-03 07:34:00 | INFO | repo=richrates | action=commit
2025-11-13 20:29:00 | INFO | repo=richrates | action=commit
2025-05-03 21:45:00 | DEBUG | repo=richrates | action=commit
2025-01-24 07:34:00 | DEBUG | repo=richrates | action=commit
2025-09-22 21:11:00 | DEBUG | repo=richrates | action=commit
2025-08-25 19:00:00 | WARN | repo=richrates | action=edit | files=5
2025-02-05 07:53:00 | INFO | repo=richrates | action=commit
2025-04-04 17:18:00 | INFO | repo=richrates | action=commit
2025-02-15 13:59:00 | INFO | repo=richrates | action=pull
2025-09-21 13:28:00 | WARN | repo=richrates | action=commit
2025-07-07 14:57:00 | INFO | repo=richrates | action=edit | files=4
2025-05-28 12:41:00 | WARN | repo=richrates | action=commit
2025-02-10 13:06:00 | WARN | repo=richrates | action=commit
2025-06-03 18:35:00 | DEBUG | repo=richrates | action=commit
2025-09-22 07:03:00 | INFO | repo=richrates | action=commit
